2020-07-14 14:19:04,726:__main__:<module>:Starting
2020-07-14 14:19:13,475:__main__:starter:User with id - 716986295 is trying to register.
2020-07-14 14:19:13,479:__main__:starter:Checking if user is already registered
2020-07-14 14:19:13,485:__main__:starter:User is not registered. Performing a registration...
2020-07-14 14:19:13,802:__main__:starter:Success
2020-07-14 14:19:23,122:__main__:create_list:User with id - 716986295 is trying to create new list.
2020-07-14 14:19:23,291:__main__:create_list:Calling next step handler.
2020-07-14 14:19:36,999:__main__:create_list_next_step:User is registered. Proceeding...
2020-07-14 14:19:37,118:__main__:create_list_next_step:Created.
2020-07-14 14:19:38,758:__main__:universal_callback_handler:User with id - 716986295 is trying to get a list Health. Fetching data from DB...
2020-07-14 14:19:38,765:__main__:universal_callback_handler:Data is correct.
2020-07-14 14:19:40,465:__main__:universal_callback_handler:User with id - 716986295 is trying to add a task  to a list Health.
2020-07-14 14:19:45,462:__main__:name_step:Processing name step...
2020-07-14 14:19:45,469:__main__:name_step:Getting a sheet_id from db...
2020-07-14 14:19:45,479:__main__:name_step:Tasks name was inserted successfully.
2020-07-14 14:19:49,924:__main__:deadline_step:Processing deadline step...
2020-07-14 14:19:49,951:__main__:deadline_step:Deadline was successfully set. Processing priority step...
2020-07-14 14:19:51,370:__main__:priority_step:Priority was successfully set.
2020-07-14 14:19:52,829:__main__:universal_callback_handler:User with id - 716986295 is trying to get a list Health. Fetching data from DB...
2020-07-14 14:19:52,838:__main__:universal_callback_handler:Data is correct.
2020-07-14 14:19:56,865:__main__:delete_list:User with id - 716986295 is trying to access deletelist keyboard.
2020-07-14 14:19:57,066:__main__:delete_list:Success.
2020-07-14 14:19:58,335:__main__:universal_callback_handler:Deleting a list with id - 1
2020-07-14 14:20:00,978:__main__:get_lists:User with id - 716986295 is trying to get list of lists. Fetching data from DB...
2020-07-14 14:20:01,181:__main__:get_lists:User has no lists.
2020-07-14 14:21:35,760:__main__:starter:User with id - 716986295 is trying to register.
2020-07-14 14:21:35,764:__main__:starter:Checking if user is already registered
2020-07-14 14:21:35,769:__main__:starter:User has already been registered.
2020-07-14 14:21:51,591:__main__:get_lists:User with id - 716986295 is trying to get list of lists. Fetching data from DB...
2020-07-14 14:21:51,746:__main__:get_lists:User has no lists.
2020-07-14 14:21:54,502:__main__:change_language:User with id - 716986295 is trying to switch the language.
2020-07-14 14:21:55,945:__main__:set_language:Trying to switch the language.
2020-07-14 14:21:56,120:__main__:set_language:Switched successfully to EN
2020-07-14 14:21:58,166:__main__:change_language:User with id - 716986295 is trying to switch the language.
2020-07-14 14:21:59,244:__main__:set_language:Trying to switch the language.
2020-07-14 14:21:59,706:__main__:set_language:Switched successfully to RU
2020-07-14 14:22:00,735:__main__:change_language:User with id - 716986295 is trying to switch the language.
2020-07-14 14:22:01,690:__main__:set_language:Trying to switch the language.
2020-07-14 14:22:01,848:__main__:set_language:Switched successfully to UA
2020-07-14 16:12:01,238:__main__:create_list:User with id - 716986295 is trying to create new list.
2020-07-14 16:12:01,609:__main__:create_list:Calling next step handler.
2020-07-14 16:12:05,170:__main__:create_list_next_step:User is registered. Proceeding...
2020-07-14 16:12:05,304:__main__:create_list_next_step:Created.
2020-07-14 16:12:06,898:__main__:universal_callback_handler:User with id - 716986295 is trying to get a list Навчання. Fetching data from DB...
2020-07-14 16:12:06,907:__main__:universal_callback_handler:Data is correct.
2020-07-14 16:12:08,447:__main__:universal_callback_handler:User with id - 716986295 is trying to add a task  to a list Навчання.
2020-07-14 16:12:10,512:__main__:name_step:Processing name step...
2020-07-14 16:12:10,519:__main__:name_step:Getting a sheet_id from db...
2020-07-14 16:12:10,530:__main__:name_step:Tasks name was inserted successfully.
2020-07-14 16:12:18,417:__main__:deadline_step:Processing deadline step...
2020-07-14 16:12:18,442:__main__:deadline_step:Deadline was successfully set. Processing priority step...
2020-07-14 16:12:20,121:__main__:priority_step:Priority was successfully set.
2020-07-14 16:12:21,933:__main__:universal_callback_handler:User with id - 716986295 is trying to get a list Навчання. Fetching data from DB...
2020-07-14 16:12:21,939:__main__:universal_callback_handler:Data is correct.
2020-07-14 16:12:45,671:__main__:universal_callback_handler:User with id - 716986295 is trying to get a list Навчання. Fetching data from DB...
2020-07-14 16:12:45,678:__main__:universal_callback_handler:Data is correct.
2020-07-14 16:12:53,241:__main__:universal_callback_handler:User with id - 716986295 is trying to get a list Навчання. Fetching data from DB...
2020-07-14 16:12:53,247:__main__:universal_callback_handler:Data is correct.
2020-07-14 16:12:53,413:__main__:universal_callback_handler:User with id - 716986295 is trying to get a list Навчання. Fetching data from DB...
2020-07-14 16:12:53,422:__main__:universal_callback_handler:Data is correct.
2020-07-14 16:12:53,691:__main__:universal_callback_handler:User with id - 716986295 is trying to get a list Навчання. Fetching data from DB...
2020-07-14 16:12:53,697:__main__:universal_callback_handler:Data is correct.
2020-07-14 16:36:46,693:__main__:<module>:Starting
2020-07-14 16:36:46,973:__main__:delete_list:User with id - 716986295 is trying to access deletelist keyboard.
2020-07-14 16:36:47,277:__main__:delete_list:Success.
2020-07-14 16:36:48,913:__main__:universal_callback_handler:User with id - 716986295 is trying to add a task  to a list Навчання.
2020-07-14 16:36:52,613:__main__:name_step:Processing name step...
2020-07-14 16:36:52,620:__main__:name_step:Getting a sheet_id from db...
2020-07-14 16:36:52,629:__main__:name_step:Tasks name was inserted successfully.
2020-07-14 16:37:00,920:__main__:deadline_step:Processing deadline step...
2020-07-14 16:37:00,949:__main__:deadline_step:Deadline was successfully set. Processing priority step...
2020-07-14 16:37:02,576:__main__:priority_step:Priority was successfully set.
2020-07-14 16:37:03,789:__main__:universal_callback_handler:User with id - 716986295 is trying to get a list Навчання. Fetching data from DB...
2020-07-14 16:37:03,794:__main__:universal_callback_handler:Data is correct.
2020-07-14 16:37:12,946:__main__:universal_callback_handler:User with id - 716986295 is trying to get a list Навчання. Fetching data from DB...
2020-07-14 16:37:12,951:__main__:universal_callback_handler:Data is correct.
2020-07-14 16:37:14,537:__main__:universal_callback_handler:User with id - 716986295 is trying to add a task  to a list Навчання.
2020-07-14 16:37:19,483:__main__:name_step:Processing name step...
2020-07-14 16:37:19,491:__main__:name_step:Getting a sheet_id from db...
2020-07-14 16:37:19,500:__main__:name_step:Tasks name was inserted successfully.
2020-07-14 16:37:23,327:__main__:deadline_step:Processing deadline step...
2020-07-14 16:37:23,345:__main__:deadline_step:Deadline was successfully set. Processing priority step...
2020-07-14 16:37:24,726:__main__:priority_step:Priority was successfully set.
2020-07-14 16:37:26,198:__main__:universal_callback_handler:User with id - 716986295 is trying to get a list Навчання. Fetching data from DB...
2020-07-14 16:37:26,203:__main__:universal_callback_handler:Data is correct.
2020-07-14 16:38:18,415:__main__:get_lists:User with id - 716986295 is trying to get list of lists. Fetching data from DB...
2020-07-14 16:38:18,599:__main__:get_lists:Success.
2020-07-14 16:38:38,949:__main__:starter:User with id - 546414699 is trying to register.
2020-07-14 16:38:38,952:__main__:starter:Checking if user is already registered
2020-07-14 16:38:38,956:__main__:starter:User is not registered. Performing a registration...
2020-07-14 16:38:39,109:__main__:starter:Success
2020-07-14 16:39:00,005:__main__:get_lists:User with id - 546414699 is trying to get list of lists. Fetching data from DB...
2020-07-14 16:39:00,165:__main__:get_lists:User has no lists.
2020-07-14 16:39:08,636:__main__:create_list:User with id - 546414699 is trying to create new list.
2020-07-14 16:39:08,832:__main__:create_list:Calling next step handler.
2020-07-14 16:39:25,918:__main__:create_list_next_step:The name is too long.
2020-07-14 16:39:36,452:__main__:create_list_next_step:User is registered. Proceeding...
2020-07-14 16:39:36,589:__main__:create_list_next_step:Created.
2020-07-14 16:39:38,422:__main__:universal_callback_handler:User with id - 546414699 is trying to get a list Хата. Fetching data from DB...
2020-07-14 16:39:38,428:__main__:universal_callback_handler:Data is correct.
2020-07-14 16:39:52,669:__main__:universal_callback_handler:User with id - 546414699 is trying to add a task  to a list Хата.
2020-07-14 16:39:56,535:__main__:name_step:Processing name step...
2020-07-14 16:39:56,544:__main__:name_step:Getting a sheet_id from db...
2020-07-14 16:39:56,555:__main__:name_step:Tasks name was inserted successfully.
2020-07-14 16:40:37,038:__main__:deadline_step:Processing deadline step...
2020-07-14 16:40:37,162:__main__:deadline_step:Problems with date.Trying again...
2020-07-14 16:40:51,839:__main__:deadline_step:Processing deadline step...
2020-07-14 16:40:52,031:__main__:deadline_step:Problems with date.Trying again...
2020-07-14 16:41:23,524:__main__:deadline_step:Processing deadline step...
2020-07-14 16:41:23,543:__main__:deadline_step:Deadline was successfully set. Processing priority step...
2020-07-14 16:41:30,026:__main__:priority_step:Priority was successfully set.
2020-07-14 16:41:37,253:__main__:get_lists:User with id - 546414699 is trying to get list of lists. Fetching data from DB...
2020-07-14 16:41:37,377:__main__:get_lists:Success.
2020-07-14 16:41:38,797:__main__:universal_callback_handler:User with id - 546414699 is trying to get a list Хата. Fetching data from DB...
2020-07-14 16:41:38,805:__main__:universal_callback_handler:Data is correct.
2020-07-14 16:41:53,481:__main__:change_language:User with id - 546414699 is trying to switch the language.
2020-07-14 16:41:55,485:__main__:set_language:Trying to switch the language.
2020-07-14 16:41:55,626:__main__:set_language:Switched successfully to RU
2020-07-14 16:42:01,586:__main__:change_language:User with id - 546414699 is trying to switch the language.
2020-07-14 16:42:05,786:__main__:set_language:Trying to switch the language.
2020-07-14 16:42:06,058:__main__:set_language:Switched successfully to EN
2020-07-14 16:42:57,583:__main__:change_language:User with id - 546414699 is trying to switch the language.
2020-07-14 16:42:58,791:__main__:set_language:Trying to switch the language.
2020-07-14 16:42:59,010:__main__:set_language:Switched successfully to UA
2020-07-14 16:43:02,462:__main__:get_lists:User with id - 546414699 is trying to get list of lists. Fetching data from DB...
2020-07-14 16:43:02,647:__main__:get_lists:Success.
2020-07-14 16:43:09,190:__main__:universal_callback_handler:User with id - 546414699 is trying to get a list Хата. Fetching data from DB...
2020-07-14 16:43:09,197:__main__:universal_callback_handler:Data is correct.
2020-07-14 16:43:16,841:__main__:universal_callback_handler:User with id - 546414699 is trying to get a list Хата. Fetching data from DB...
2020-07-14 16:43:16,846:__main__:universal_callback_handler:Data is correct.
2020-07-14 21:29:19,376:__main__:get_lists:User with id - 716986295 is trying to get list of lists. Fetching data from DB...
2020-07-14 21:29:19,688:__main__:get_lists:Success.
2020-07-14 21:29:20,901:__main__:universal_callback_handler:User with id - 716986295 is trying to get a list Навчання. Fetching data from DB...
2020-07-14 21:29:20,906:__main__:universal_callback_handler:Data is correct.
2020-07-14 21:29:26,429:__main__:delete_list:User with id - 716986295 is trying to access deletelist keyboard.
2020-07-14 21:29:26,561:__main__:delete_list:Success.
2020-07-14 21:29:27,594:__main__:universal_callback_handler:Deleting a list with id - 2
2020-07-14 21:29:29,512:__main__:get_lists:User with id - 716986295 is trying to get list of lists. Fetching data from DB...
2020-07-14 21:29:29,641:__main__:get_lists:User has no lists.
2020-07-15 03:39:50,258:__main__:<module>:Starting
2020-07-15 03:39:51,940:__main__:create_list:User with id - 716986295 is trying to create new list.
2020-07-15 03:39:51,941:__main__:get_lists:User with id - 716986295 is trying to get list of lists. Fetching data from DB...
2020-07-15 03:39:52,243:__main__:create_list:Calling next step handler.
2020-07-15 03:39:52,271:__main__:get_lists:User has no lists.
2020-07-15 03:40:27,145:__main__:create_list_next_step:User is registered. Proceeding...
2020-07-15 03:40:27,265:__main__:create_list_next_step:Created.
2020-07-15 03:40:29,119:__main__:universal_callback_handler:User with id - 716986295 is trying to get a list Член. Fetching data from DB...
2020-07-15 03:40:29,124:__main__:universal_callback_handler:Data is correct.
2020-07-15 09:09:50,076:__main__:universal_callback_handler:User with id - 716986295 is trying to add a task  to a list Член.
2020-07-15 09:09:54,804:__main__:name_step:Processing name step...
2020-07-15 09:09:54,810:__main__:name_step:Getting a sheet_id from db...
2020-07-15 09:09:54,818:__main__:name_step:Tasks name was inserted successfully.
2020-07-15 09:10:01,724:__main__:deadline_step:Processing deadline step...
2020-07-15 09:10:01,752:__main__:deadline_step:Deadline was successfully set. Processing priority step...
2020-07-15 09:10:03,043:__main__:priority_step:Priority was successfully set.
2020-07-15 09:10:04,750:__main__:universal_callback_handler:User with id - 716986295 is trying to get a list Член. Fetching data from DB...
2020-07-15 09:10:04,755:__main__:universal_callback_handler:Data is correct.
2020-07-15 09:10:10,856:__main__:delete_list:User with id - 716986295 is trying to access deletelist keyboard.
2020-07-15 09:10:10,974:__main__:delete_list:Success.
2020-07-15 09:10:12,111:__main__:universal_callback_handler:Deleting a list with id - 4
2020-07-15 09:10:14,332:__main__:get_lists:User with id - 716986295 is trying to get list of lists. Fetching data from DB...
2020-07-15 09:10:14,459:__main__:get_lists:User has no lists.
2020-07-15 11:15:20,011:__main__:get_lists:User with id - 716986295 is trying to get list of lists. Fetching data from DB...
2020-07-15 11:15:20,379:__main__:get_lists:User has no lists.
2020-07-15 15:01:16,191:__main__:get_lists:User with id - 716986295 is trying to get list of lists. Fetching data from DB...
2020-07-15 15:01:16,499:__main__:get_lists:User has no lists.
2020-07-15 15:41:47,862:__main__:get_lists:User with id - 716986295 is trying to get list of lists. Fetching data from DB...
2020-07-15 15:41:48,221:__main__:get_lists:User has no lists.
2020-07-16 10:31:58,324:__main__:<module>:Starting
2020-07-16 10:31:58,715:__main__:create_list:User with id - 716986295 is trying to create new list.
2020-07-16 10:31:59,448:__main__:create_list:Calling next step handler.
2020-07-16 10:32:05,092:__main__:create_list_next_step:User is registered. Proceeding...
2020-07-16 10:32:05,419:__main__:create_list_next_step:Created.
2020-07-16 10:32:06,494:__main__:universal_callback_handler:User with id - 716986295 is trying to get a list 12'. Fetching data from DB...
2020-07-16 10:32:06,500:__main__:universal_callback_handler:Data is correct.
2020-07-17 19:44:06,570:__main__:<module>:Starting
2020-07-17 19:44:06,855:__main__:change_language:User with id - 716986295 is trying to switch the language.
2020-07-17 19:44:06,855:__main__:create_list:User with id - 546414699 is trying to create new list.
2020-07-17 19:44:07,172:__main__:create_list:Calling next step handler.
2020-07-17 19:44:07,172:__main__:create_list:User with id - 546414699 is trying to create new list.
2020-07-17 19:44:07,187:__main__:create_list:User with id - 546414699 is trying to create new list.
2020-07-17 19:44:07,290:__main__:create_list:Calling next step handler.
2020-07-17 19:44:07,290:__main__:create_list:User with id - 546414699 is trying to create new list.
2020-07-17 19:44:07,315:__main__:create_list:Calling next step handler.
2020-07-17 19:44:07,315:__main__:create_list:User with id - 546414699 is trying to create new list.
2020-07-17 19:44:07,413:__main__:create_list:Calling next step handler.
2020-07-17 19:44:07,414:__main__:create_list:User with id - 546414699 is trying to create new list.
2020-07-17 19:44:07,447:__main__:create_list:Calling next step handler.
2020-07-17 19:44:07,447:__main__:create_list:User with id - 546414699 is trying to create new list.
2020-07-17 19:44:07,547:__main__:create_list:Calling next step handler.
2020-07-17 19:44:07,547:__main__:create_list:User with id - 546414699 is trying to create new list.
2020-07-17 19:44:07,578:__main__:create_list:Calling next step handler.
2020-07-17 19:44:07,578:__main__:create_list:User with id - 546414699 is trying to create new list.
2020-07-17 19:44:07,670:__main__:create_list:Calling next step handler.
2020-07-17 19:44:07,670:__main__:create_list:User with id - 546414699 is trying to create new list.
2020-07-17 19:44:07,697:__main__:create_list:Calling next step handler.
2020-07-17 19:44:07,697:__main__:create_list:User with id - 546414699 is trying to create new list.
2020-07-17 19:44:07,788:__main__:create_list:Calling next step handler.
2020-07-17 19:44:07,788:__main__:create_list:User with id - 546414699 is trying to create new list.
2020-07-17 19:44:07,814:__main__:create_list:Calling next step handler.
2020-07-17 19:44:07,814:__main__:create_list:User with id - 546414699 is trying to create new list.
2020-07-17 19:44:07,903:__main__:create_list:Calling next step handler.
2020-07-17 19:44:07,903:__main__:create_list:User with id - 546414699 is trying to create new list.
2020-07-17 19:44:07,928:__main__:create_list:Calling next step handler.
2020-07-17 19:44:07,928:__main__:create_list:User with id - 546414699 is trying to create new list.
2020-07-17 19:44:08,024:__main__:create_list:Calling next step handler.
2020-07-17 19:44:08,024:__main__:create_list:User with id - 546414699 is trying to create new list.
2020-07-17 19:44:08,058:__main__:create_list:Calling next step handler.
2020-07-17 19:44:08,058:__main__:create_list:User with id - 546414699 is trying to create new list.
2020-07-17 19:44:08,146:__main__:create_list:Calling next step handler.
2020-07-17 19:44:08,146:__main__:create_list:User with id - 546414699 is trying to create new list.
2020-07-17 19:44:08,176:__main__:create_list:Calling next step handler.
2020-07-17 19:44:08,176:__main__:create_list:User with id - 546414699 is trying to create new list.
2020-07-17 19:44:08,266:__main__:create_list:Calling next step handler.
2020-07-17 19:44:08,267:__main__:create_list:User with id - 546414699 is trying to create new list.
2020-07-17 19:44:08,295:__main__:create_list:Calling next step handler.
2020-07-17 19:44:08,295:__main__:create_list:User with id - 546414699 is trying to create new list.
2020-07-17 19:44:08,385:__main__:create_list:Calling next step handler.
2020-07-17 19:44:08,386:__main__:delete_list:User with id - 546414699 is trying to access deletelist keyboard.
2020-07-17 19:44:08,419:__main__:create_list:Calling next step handler.
2020-07-17 19:44:08,507:__main__:delete_list:Success.
2020-07-17 19:44:12,912:__main__:create_list_next_step:User is registered. Proceeding...
2020-07-17 19:44:12,912:__main__:create_list_next_step:User is registered. Proceeding...
2020-07-17 19:44:13,033:__main__:create_list_next_step:Created.
2020-07-17 19:44:13,055:__main__:create_list_next_step:User is registered. Proceeding...
2020-07-17 19:44:13,173:__main__:create_list_next_step:Name of the list is not unique. Operation is unsuccessful.
2020-07-17 19:44:13,186:__main__:create_list_next_step:User is registered. Proceeding...
2020-07-17 19:44:13,298:__main__:create_list_next_step:Name of the list is not unique. Operation is unsuccessful.
2020-07-17 19:44:13,308:__main__:create_list_next_step:User is registered. Proceeding...
2020-07-17 19:44:13,424:__main__:create_list_next_step:Name of the list is not unique. Operation is unsuccessful.
2020-07-17 19:44:14,015:__main__:create_list_next_step:User is registered. Proceeding...
2020-07-17 19:44:14,127:__main__:create_list_next_step:Name of the list is not unique. Operation is unsuccessful.
2020-07-17 19:44:14,135:__main__:create_list_next_step:User is registered. Proceeding...
2020-07-17 19:44:14,248:__main__:create_list_next_step:Name of the list is not unique. Operation is unsuccessful.
2020-07-17 19:44:14,256:__main__:create_list_next_step:User is registered. Proceeding...
2020-07-17 19:44:14,369:__main__:create_list_next_step:Name of the list is not unique. Operation is unsuccessful.
2020-07-17 19:44:14,380:__main__:create_list_next_step:User is registered. Proceeding...
2020-07-17 19:44:14,500:__main__:create_list_next_step:Name of the list is not unique. Operation is unsuccessful.
2020-07-17 19:44:14,509:__main__:create_list_next_step:User is registered. Proceeding...
2020-07-17 19:44:14,622:__main__:create_list_next_step:Name of the list is not unique. Operation is unsuccessful.
2020-07-17 19:44:14,631:__main__:create_list_next_step:User is registered. Proceeding...
2020-07-17 19:44:14,746:__main__:create_list_next_step:Name of the list is not unique. Operation is unsuccessful.
2020-07-17 19:44:14,755:__main__:create_list_next_step:User is registered. Proceeding...
2020-07-17 19:44:14,871:__main__:create_list_next_step:Name of the list is not unique. Operation is unsuccessful.
2020-07-17 19:44:14,878:__main__:create_list_next_step:User is registered. Proceeding...
2020-07-17 19:44:14,996:__main__:create_list_next_step:Name of the list is not unique. Operation is unsuccessful.
2020-07-17 19:44:15,004:__main__:create_list_next_step:User is registered. Proceeding...
2020-07-17 19:44:15,131:__main__:create_list_next_step:Name of the list is not unique. Operation is unsuccessful.
2020-07-17 19:44:15,138:__main__:create_list_next_step:User is registered. Proceeding...
2020-07-17 19:44:15,251:__main__:create_list_next_step:Name of the list is not unique. Operation is unsuccessful.
2020-07-17 19:44:15,258:__main__:create_list_next_step:User is registered. Proceeding...
2020-07-17 19:44:15,371:__main__:create_list_next_step:Name of the list is not unique. Operation is unsuccessful.
2020-07-17 19:44:15,378:__main__:create_list_next_step:User is registered. Proceeding...
2020-07-17 19:44:15,494:__main__:create_list_next_step:Name of the list is not unique. Operation is unsuccessful.
2020-07-17 19:44:15,501:__main__:create_list_next_step:User is registered. Proceeding...
2020-07-17 19:44:15,613:__main__:create_list_next_step:Name of the list is not unique. Operation is unsuccessful.
2020-07-17 19:44:15,620:__main__:create_list_next_step:User is registered. Proceeding...
2020-07-17 19:44:15,731:__main__:create_list_next_step:Name of the list is not unique. Operation is unsuccessful.
2020-07-17 19:44:15,739:__main__:create_list_next_step:User is registered. Proceeding...
2020-07-17 19:44:15,852:__main__:create_list_next_step:Name of the list is not unique. Operation is unsuccessful.
2020-07-17 19:44:15,860:__main__:create_list_next_step:User is registered. Proceeding...
2020-07-17 19:44:16,071:__main__:create_list_next_step:Name of the list is not unique. Operation is unsuccessful.
2020-07-17 19:44:16,250:__main__:create_list_next_step:Name of the list is not unique. Operation is unsuccessful.
2020-07-17 19:44:20,158:__main__:delete_list:User with id - 546414699 is trying to access deletelist keyboard.
2020-07-17 19:44:20,279:__main__:delete_list:Success.
2020-07-17 19:44:22,051:__main__:universal_callback_handler:Deleting a list with id - 6
2020-07-17 19:44:24,676:__main__:get_lists:User with id - 546414699 is trying to get list of lists. Fetching data from DB...
2020-07-17 19:44:24,817:__main__:get_lists:Success.
2020-07-17 19:44:25,876:__main__:universal_callback_handler:User with id - 546414699 is trying to get a list Хата. Fetching data from DB...
2020-07-17 19:44:25,881:__main__:universal_callback_handler:Data is correct.
2020-07-17 19:44:37,206:__main__:get_lists:User with id - 546414699 is trying to get list of lists. Fetching data from DB...
2020-07-17 19:44:37,357:__main__:get_lists:Success.
2020-07-17 19:44:39,375:__main__:universal_callback_handler:User with id - 546414699 is trying to get a list Хата. Fetching data from DB...
2020-07-17 19:44:39,380:__main__:universal_callback_handler:Data is correct.
2020-07-17 19:44:54,858:__main__:delete_list:User with id - 546414699 is trying to access deletelist keyboard.
2020-07-17 19:44:55,007:__main__:delete_list:Success.
2020-07-17 19:44:56,383:__main__:universal_callback_handler:Deleting a list with id - 3
2020-07-17 19:45:02,237:__main__:get_lists:User with id - 546414699 is trying to get list of lists. Fetching data from DB...
2020-07-17 19:45:02,359:__main__:get_lists:User has no lists.
2020-07-17 19:45:04,285:__main__:create_list:User with id - 546414699 is trying to create new list.
2020-07-17 19:45:04,426:__main__:create_list:Calling next step handler.
2020-07-17 19:45:24,635:__main__:create_list_next_step:The name is too long.
2020-07-17 19:45:27,039:__main__:create_list_next_step:The name is too long.
2020-07-17 19:45:29,627:__main__:create_list_next_step:The name is too long.
2020-07-17 19:55:27,975:__main__:set_language:Trying to switch the language.
2020-07-17 19:55:28,129:__main__:set_language:Switched successfully to UA
2020-07-17 21:07:09,666:__main__:change_language:User with id - 716986295 is trying to switch the language.
2020-07-17 21:07:10,853:__main__:set_language:Trying to switch the language.
2020-07-17 21:07:11,186:__main__:set_language:Switched successfully to UA
2020-07-18 11:08:31,925:__main__:change_language:User with id - 716986295 is trying to switch the language.
2020-07-18 11:08:33,249:__main__:set_language:Trying to switch the language.
2020-07-18 11:08:33,565:__main__:set_language:Switched successfully to UA
2020-07-18 11:08:39,759:__main__:create_list:User with id - 716986295 is trying to create new list.
2020-07-18 11:08:39,880:__main__:create_list:Calling next step handler.
2020-07-18 11:08:43,194:__main__:create_list_next_step:User is registered. Proceeding...
2020-07-18 11:08:43,314:__main__:create_list_next_step:Created.
2020-07-18 11:08:44,836:__main__:universal_callback_handler:User with id - 716986295 is trying to get a list Ляляля. Fetching data from DB...
2020-07-18 11:08:44,841:__main__:universal_callback_handler:Data is correct.
2020-07-18 11:09:01,282:__main__:universal_callback_handler:User with id - 716986295 is trying to add a task  to a list Ляляля.
2020-07-18 11:09:05,968:__main__:name_step:Processing name step...
2020-07-18 11:09:05,974:__main__:name_step:Getting a sheet_id from db...
2020-07-18 11:09:05,982:__main__:name_step:Tasks name was inserted successfully.
2020-07-18 11:09:12,573:__main__:deadline_step:Processing deadline step...
2020-07-18 11:09:12,711:__main__:deadline_step:Problems with date.Trying again...
2020-07-18 11:09:18,010:__main__:deadline_step:Processing deadline step...
2020-07-18 11:09:18,029:__main__:deadline_step:Deadline was successfully set. Processing priority step...
2020-07-18 11:09:19,978:__main__:priority_step:Priority was successfully set.
2020-07-18 11:09:22,701:__main__:create_list:User with id - 716986295 is trying to create new list.
2020-07-18 11:09:22,818:__main__:create_list:Calling next step handler.
2020-07-18 11:09:28,270:__main__:create_list_next_step:User is registered. Proceeding...
2020-07-18 11:09:28,403:__main__:create_list_next_step:Created.
2020-07-18 11:09:31,165:__main__:delete_list:User with id - 716986295 is trying to access deletelist keyboard.
2020-07-18 11:09:31,323:__main__:delete_list:Success.
2020-07-18 11:09:34,638:__main__:universal_callback_handler:Deleting a list with id - 8
2020-07-18 11:09:35,846:__main__:universal_callback_handler:User with id - 716986295 is trying to get a list Бля. Fetching data from DB...
2020-07-18 11:09:35,971:__main__:universal_callback_handler:Unable to find list Бля in the database...
2020-07-18 11:09:40,992:__main__:universal_callback_handler:User with id - 716986295 is trying to get a list Ляляля. Fetching data from DB...
2020-07-18 11:09:40,997:__main__:universal_callback_handler:Data is correct.
2020-07-18 11:13:26,947:__main__:get_lists:User with id - 716986295 is trying to get list of lists. Fetching data from DB...
2020-07-18 11:13:27,074:__main__:get_lists:Success.
2020-07-18 11:13:28,980:__main__:universal_callback_handler:User with id - 716986295 is trying to get a list 12'. Fetching data from DB...
2020-07-18 11:13:28,984:__main__:universal_callback_handler:Data is correct.
2020-07-18 11:13:33,353:__main__:get_lists:User with id - 716986295 is trying to get list of lists. Fetching data from DB...
2020-07-18 11:13:33,472:__main__:get_lists:Success.
2020-07-18 11:13:34,780:__main__:delete_list:User with id - 716986295 is trying to access deletelist keyboard.
2020-07-18 11:13:34,924:__main__:delete_list:Success.
2020-07-18 11:13:35,884:__main__:universal_callback_handler:Deleting a list with id - 5
2020-07-18 11:13:37,684:__main__:get_lists:User with id - 716986295 is trying to get list of lists. Fetching data from DB...
2020-07-18 11:13:37,828:__main__:get_lists:Success.
2020-07-18 11:13:39,428:__main__:universal_callback_handler:User with id - 716986295 is trying to get a list Ляляля. Fetching data from DB...
2020-07-18 11:13:39,433:__main__:universal_callback_handler:Data is correct.
2020-07-18 11:49:05,193:__main__:change_language:User with id - 716986295 is trying to switch the language.
2020-07-18 11:49:06,571:__main__:set_language:Trying to switch the language.
2020-07-18 11:49:06,892:__main__:set_language:Switched successfully to EN
2020-07-18 11:49:08,111:__main__:change_language:User with id - 716986295 is trying to switch the language.
2020-07-18 11:49:09,013:__main__:set_language:Trying to switch the language.
2020-07-18 11:49:09,148:__main__:set_language:Switched successfully to UA
2020-07-18 11:54:17,114:__main__:get_lists:User with id - 716986295 is trying to get list of lists. Fetching data from DB...
2020-07-18 11:54:17,235:__main__:get_lists:Success.
2020-07-18 11:54:18,883:__main__:universal_callback_handler:User with id - 716986295 is trying to get a list Ляляля. Fetching data from DB...
2020-07-18 11:54:18,887:__main__:universal_callback_handler:Data is correct.
2020-07-18 16:02:08,862:__main__:universal_callback_handler:User with id - 716986295 is trying to add a task  to a list Ляляля.
2020-07-18 16:02:12,025:__main__:name_step:Processing name step...
2020-07-18 16:02:12,038:__main__:name_step:Getting a sheet_id from db...
2020-07-18 16:02:12,046:__main__:name_step:Tasks name was inserted successfully.
2020-07-18 16:02:18,788:__main__:deadline_step:Processing deadline step...
2020-07-18 16:02:18,827:__main__:deadline_step:Deadline was successfully set. Processing priority step...
2020-07-18 16:02:20,227:__main__:priority_step:Priority was successfully set.
2020-07-18 20:26:50,000:__main__:universal_callback_handler:User with id - 716986295 is trying to get a list Ляляля. Fetching data from DB...
2020-07-18 20:26:50,005:__main__:universal_callback_handler:Data is correct.
2020-07-18 22:47:02,684:__main__:universal_callback_handler:User with id - 716986295 is trying to get a list Ляляля. Fetching data from DB...
2020-07-18 22:47:02,689:__main__:universal_callback_handler:Data is correct.
2020-07-18 23:02:19,150:__main__:change_language:User with id - 716986295 is trying to switch the language.
2020-07-18 23:02:20,308:__main__:set_language:Trying to switch the language.
2020-07-18 23:02:20,644:__main__:set_language:Switched successfully to UA
2020-07-18 23:30:11,486:__main__:change_language:User with id - 716986295 is trying to switch the language.
2020-07-18 23:30:12,561:__main__:set_language:Trying to switch the language.
2020-07-18 23:30:12,900:__main__:set_language:Switched successfully to UA
2020-07-18 23:43:41,102:__main__:change_language:User with id - 716986295 is trying to switch the language.
2020-07-18 23:43:42,198:__main__:set_language:Trying to switch the language.
2020-07-18 23:43:42,362:__main__:set_language:Switched successfully to UA
2020-07-18 23:45:58,287:__main__:starter:User with id - 863336354 is trying to register.
2020-07-18 23:45:58,289:__main__:starter:Checking if user is already registered
2020-07-18 23:45:58,294:__main__:starter:User is not registered. Performing a registration...
2020-07-18 23:45:58,420:__main__:starter:Success
2020-07-18 23:46:17,620:__main__:change_language:User with id - 863336354 is trying to switch the language.
2020-07-18 23:46:20,097:__main__:set_language:Trying to switch the language.
2020-07-18 23:46:20,245:__main__:set_language:Switched successfully to EN
2020-07-18 23:46:25,828:__main__:change_language:User with id - 863336354 is trying to switch the language.
2020-07-18 23:46:27,122:__main__:set_language:Trying to switch the language.
2020-07-18 23:46:27,292:__main__:set_language:Switched successfully to UA
2020-07-18 23:47:32,884:__main__:create_list:User with id - 863336354 is trying to create new list.
2020-07-18 23:47:33,010:__main__:create_list:Calling next step handler.
2020-07-18 23:50:15,628:__main__:create_list_next_step:User is registered. Proceeding...
2020-07-18 23:50:15,750:__main__:create_list_next_step:Created.
2020-07-18 23:50:17,976:__main__:universal_callback_handler:User with id - 863336354 is trying to get a list Дозвілля. Fetching data from DB...
2020-07-18 23:50:17,981:__main__:universal_callback_handler:Data is correct.
2020-07-18 23:50:23,232:__main__:universal_callback_handler:User with id - 863336354 is trying to add a task  to a list Дозвілля.
2020-07-18 23:50:56,816:__main__:name_step:Processing name step...
2020-07-18 23:50:56,823:__main__:name_step:Getting a sheet_id from db...
2020-07-18 23:50:56,832:__main__:name_step:Tasks name was inserted successfully.
2020-07-18 23:51:29,650:__main__:deadline_step:Processing deadline step...
2020-07-18 23:51:29,666:__main__:deadline_step:Deadline was successfully set. Processing priority step...
2020-07-18 23:51:40,364:__main__:priority_step:Priority was successfully set.
2020-07-18 23:51:47,740:__main__:universal_callback_handler:User with id - 863336354 is trying to get a list Дозвілля. Fetching data from DB...
2020-07-18 23:51:47,744:__main__:universal_callback_handler:Data is correct.
2020-07-18 23:53:06,265:__main__:change_language:User with id - 716986295 is trying to switch the language.
2020-07-18 23:53:07,161:__main__:set_language:Trying to switch the language.
2020-07-18 23:53:07,299:__main__:set_language:Switched successfully to EN
2020-07-18 23:53:09,125:__main__:change_language:User with id - 716986295 is trying to switch the language.
2020-07-18 23:53:10,043:__main__:set_language:Trying to switch the language.
2020-07-18 23:53:10,176:__main__:set_language:Switched successfully to UA
2020-07-18 23:54:19,592:__main__:universal_callback_handler:User with id - 863336354 is trying to get a list Дозвілля. Fetching data from DB...
2020-07-18 23:54:19,597:__main__:universal_callback_handler:Data is correct.
2020-07-18 23:54:41,620:__main__:get_lists:User with id - 716986295 is trying to get list of lists. Fetching data from DB...
2020-07-18 23:54:41,737:__main__:get_lists:Success.
2020-07-18 23:54:43,122:__main__:universal_callback_handler:User with id - 716986295 is trying to get a list Ляляля. Fetching data from DB...
2020-07-18 23:54:43,128:__main__:universal_callback_handler:Data is correct.
2020-07-18 23:54:53,834:__main__:universal_callback_handler:User with id - 863336354 is trying to get a list Дозвілля. Fetching data from DB...
2020-07-18 23:54:53,839:__main__:universal_callback_handler:Data is correct.
2020-07-18 23:55:01,006:__main__:universal_callback_handler:User with id - 716986295 is trying to get a list Ляляля. Fetching data from DB...
2020-07-18 23:55:01,011:__main__:universal_callback_handler:Data is correct.
2020-07-18 23:57:33,835:__main__:universal_callback_handler:User with id - 863336354 is trying to get a list Дозвілля. Fetching data from DB...
2020-07-18 23:57:33,840:__main__:universal_callback_handler:Data is correct.
2020-07-18 23:58:34,434:__main__:change_language:User with id - 716986295 is trying to switch the language.
2020-07-18 23:58:35,347:__main__:set_language:Trying to switch the language.
2020-07-18 23:58:35,517:__main__:set_language:Switched successfully to UA
2020-07-19 08:06:05,121:__main__:change_language:User with id - 716986295 is trying to switch the language.
2020-07-19 08:06:06,219:__main__:set_language:Trying to switch the language.
2020-07-19 08:06:06,363:__main__:set_language:Switched successfully to UA
2020-07-19 10:31:10,464:__main__:change_language:User with id - 716986295 is trying to switch the language.
2020-07-19 10:31:11,423:__main__:set_language:Trying to switch the language.
2020-07-19 10:31:11,767:__main__:set_language:Switched successfully to UA
2020-08-05 07:25:00,171:__main__:<module>:Starting
2020-08-05 07:25:00,497:__main__:get_lists:User with id - 716986295 is trying to get list of lists. Fetching data from DB...
2020-08-05 07:25:00,821:__main__:get_lists:Success.
2020-08-05 07:25:14,572:__main__:delete_list:User with id - 716986295 is trying to access deletelist keyboard.
2020-08-05 07:25:14,866:__main__:delete_list:Success.
2020-08-05 07:25:16,156:__main__:universal_callback_handler:Deleting a list with id - 7
2020-08-05 07:25:18,578:__main__:universal_callback_handler:User with id - 716986295 is trying to get a list Ляляля. Fetching data from DB...
2020-08-05 07:25:18,731:__main__:universal_callback_handler:Unable to find list Ляляля in the database...
2020-08-05 07:25:22,132:__main__:change_language:User with id - 716986295 is trying to switch the language.
2020-08-05 07:25:23,163:__main__:set_language:Trying to switch the language.
2020-08-05 07:25:23,479:__main__:set_language:Switched successfully to EN
2020-08-05 07:27:16,767:__main__:get_lists:User with id - 716986295 is trying to get list of lists. Fetching data from DB...
2020-08-05 07:27:16,910:__main__:get_lists:User has no lists.
2020-08-05 07:32:17,315:__main__:starter:User with id - 716986295 is trying to register.
2020-08-05 07:32:17,334:__main__:starter:Checking if user is already registered
2020-08-05 07:32:17,352:__main__:starter:User has already been registered.
2020-08-05 07:46:22,957:__main__:get_lists:User with id - 716986295 is trying to get list of lists. Fetching data from DB...
2020-08-05 07:46:23,086:__main__:get_lists:User has no lists.
2020-08-05 07:46:25,477:__main__:create_list:User with id - 716986295 is trying to create new list.
2020-08-05 07:46:25,593:__main__:create_list:Calling next step handler.
2020-08-05 07:46:28,502:__main__:create_list_next_step:User is registered. Proceeding...
2020-08-05 07:46:28,616:__main__:create_list_next_step:Created.
2020-08-05 07:46:30,492:__main__:universal_callback_handler:User with id - 716986295 is trying to get a list lkll. Fetching data from DB...
2020-08-05 07:46:30,498:__main__:universal_callback_handler:Data is correct.
2020-08-05 07:46:32,272:__main__:universal_callback_handler:User with id - 716986295 is trying to add a task  to a list lkll.
2020-08-05 07:46:34,146:__main__:name_step:Processing name step...
2020-08-05 07:46:34,152:__main__:name_step:Getting a sheet_id from db...
2020-08-05 07:46:34,162:__main__:name_step:Tasks name was inserted successfully.
2020-08-05 07:46:47,073:__main__:deadline_step:Processing deadline step...
2020-08-05 07:46:47,098:__main__:deadline_step:Deadline was successfully set. Processing priority step...
2020-08-05 07:46:48,854:__main__:priority_step:Priority was successfully set.
2020-08-05 07:46:50,254:__main__:universal_callback_handler:User with id - 716986295 is trying to get a list lkll. Fetching data from DB...
2020-08-05 07:46:50,259:__main__:universal_callback_handler:Data is correct.
2020-08-05 08:19:14,572:__main__:change_language:User with id - 716986295 is trying to switch the language.
2020-08-05 08:19:16,177:__main__:set_language:Trying to switch the language.
2020-08-05 08:19:16,511:__main__:set_language:Switched successfully to UA
2020-08-05 09:33:48,329:__main__:change_language:User with id - 716986295 is trying to switch the language.
2020-08-05 09:33:49,492:__main__:set_language:Trying to switch the language.
2020-08-05 09:33:49,737:__main__:set_language:Switched successfully to UA
2020-08-05 09:45:26,291:__main__:change_language:User with id - 716986295 is trying to switch the language.
2020-08-05 09:45:27,246:__main__:set_language:Trying to switch the language.
2020-08-05 09:45:27,397:__main__:set_language:Switched successfully to UA
2020-08-05 10:06:51,896:__main__:change_language:User with id - 716986295 is trying to switch the language.
2020-08-05 10:06:53,134:__main__:set_language:Trying to switch the language.
2020-08-05 10:06:53,493:__main__:set_language:Switched successfully to UA
2020-08-05 11:54:41,792:__main__:<module>:Starting
2020-08-05 11:54:42,772:__main__:change_language:User with id - 716986295 is trying to switch the language.
2020-08-05 11:54:42,772:__main__:change_language:User with id - 716986295 is trying to switch the language.
2020-08-05 11:54:43,997:__main__:set_language:Trying to switch the language.
2020-08-05 11:54:43,997:__main__:set_language:Trying to switch the language.
2020-08-05 11:54:44,136:__main__:set_language:Switched successfully to UA
2020-08-05 11:54:44,171:__main__:set_language:Switched successfully to UA
2020-08-05 11:54:46,584:__main__:change_language:User with id - 716986295 is trying to switch the language.
2020-08-05 11:54:47,454:__main__:set_language:Trying to switch the language.
2020-08-05 11:54:47,599:__main__:set_language:Switched successfully to UA
2020-08-05 12:49:02,704:__main__:change_language:User with id - 716986295 is trying to switch the language.
2020-08-05 12:49:03,836:__main__:set_language:Trying to switch the language.
2020-08-05 12:49:03,995:__main__:set_language:Switched successfully to UA
2020-08-05 13:29:51,556:__main__:change_language:User with id - 716986295 is trying to switch the language.
2020-08-05 13:29:52,412:__main__:set_language:Trying to switch the language.
2020-08-05 13:29:52,731:__main__:set_language:Switched successfully to UA
2020-08-05 13:48:22,298:__main__:change_language:User with id - 716986295 is trying to switch the language.
2020-08-05 13:48:23,355:__main__:set_language:Trying to switch the language.
2020-08-05 13:48:23,518:__main__:set_language:Switched successfully to UA
2020-08-05 14:13:08,501:__main__:change_language:User with id - 716986295 is trying to switch the language.
2020-08-05 14:13:09,476:__main__:set_language:Trying to switch the language.
2020-08-05 14:13:09,831:__main__:set_language:Switched successfully to UA
2020-08-05 14:13:14,111:__main__:get_lists:User with id - 716986295 is trying to get list of lists. Fetching data from DB...
2020-08-05 14:13:14,251:__main__:get_lists:Success.
2020-08-05 14:13:16,993:__main__:universal_callback_handler:User with id - 716986295 is trying to get a list lkll. Fetching data from DB...
2020-08-05 14:13:16,998:__main__:universal_callback_handler:Data is correct.
2020-08-05 14:13:22,987:__main__:universal_callback_handler:User with id - 716986295 is trying to get a list lkll. Fetching data from DB...
2020-08-05 14:13:22,993:__main__:universal_callback_handler:Data is correct.
2020-08-05 14:13:26,644:__main__:get_lists:User with id - 716986295 is trying to get list of lists. Fetching data from DB...
2020-08-05 14:13:26,776:__main__:get_lists:Success.
2020-08-05 14:13:28,625:__main__:delete_list:User with id - 716986295 is trying to access deletelist keyboard.
2020-08-05 14:13:28,752:__main__:delete_list:Success.
2020-08-05 14:13:30,284:__main__:universal_callback_handler:Deleting a list with id - 10
2020-08-05 14:13:31,516:__main__:universal_callback_handler:User with id - 716986295 is trying to get a list lkll. Fetching data from DB...
2020-08-05 14:13:31,638:__main__:universal_callback_handler:Unable to find list lkll in the database...
2020-08-05 14:13:39,222:__main__:change_language:User with id - 716986295 is trying to switch the language.
2020-08-05 14:13:40,629:__main__:set_language:Trying to switch the language.
2020-08-05 14:13:40,812:__main__:set_language:Switched successfully to EN
2020-08-05 14:13:45,291:__main__:change_language:User with id - 716986295 is trying to switch the language.
2020-08-05 14:13:46,176:__main__:set_language:Trying to switch the language.
2020-08-05 14:13:46,314:__main__:set_language:Switched successfully to UA
2020-08-05 14:13:47,964:__main__:get_lists:User with id - 716986295 is trying to get list of lists. Fetching data from DB...
2020-08-05 14:13:48,109:__main__:get_lists:User has no lists.
2020-08-05 14:13:50,638:__main__:create_list:User with id - 716986295 is trying to create new list.
2020-08-05 14:13:50,753:__main__:create_list:Calling next step handler.
2020-08-05 14:14:08,304:__main__:create_list_next_step:User is registered. Proceeding...
2020-08-05 14:14:08,431:__main__:create_list_next_step:Created.
2020-08-05 14:14:09,794:__main__:universal_callback_handler:User with id - 716986295 is trying to get a list Ukulele. Fetching data from DB...
2020-08-05 14:14:09,799:__main__:universal_callback_handler:Data is correct.
2020-08-05 14:14:14,842:__main__:get_lists:User with id - 716986295 is trying to get list of lists. Fetching data from DB...
2020-08-05 14:14:14,965:__main__:get_lists:Success.
2020-08-05 14:33:35,142:__main__:change_language:User with id - 716986295 is trying to switch the language.
2020-08-05 14:33:36,234:__main__:set_language:Trying to switch the language.
2020-08-05 14:33:36,548:__main__:set_language:Switched successfully to UA
2020-08-05 14:49:11,652:__main__:change_language:User with id - 716986295 is trying to switch the language.
2020-08-05 14:49:12,593:__main__:set_language:Trying to switch the language.
2020-08-05 14:49:12,974:__main__:set_language:Switched successfully to UA
2020-08-06 11:50:11,437:__main__:change_language:User with id - 716986295 is trying to switch the language.
2020-08-06 11:50:13,972:__main__:set_language:Trying to switch the language.
2020-08-06 11:50:14,127:__main__:set_language:Switched successfully to UA
2020-08-06 21:19:24,186:__main__:starter:User with id - 335893764 is trying to register.
2020-08-06 21:19:24,217:__main__:starter:Checking if user is already registered
2020-08-06 21:19:24,227:__main__:starter:User is not registered. Performing a registration...
2020-08-06 21:19:24,560:__main__:starter:Success
2020-08-06 21:19:33,681:__main__:create_list:User with id - 335893764 is trying to create new list.
2020-08-06 21:19:33,793:__main__:create_list:Calling next step handler.
2020-08-06 21:19:47,453:__main__:create_list_next_step:User is registered. Proceeding...
2020-08-06 21:19:47,754:__main__:create_list_next_step:Created.
2020-08-06 21:19:49,670:__main__:universal_callback_handler:User with id - 335893764 is trying to get a list Повсякденні справи. Fetching data from DB...
2020-08-06 21:19:49,675:__main__:universal_callback_handler:Data is correct.
2020-08-06 21:19:53,151:__main__:universal_callback_handler:User with id - 335893764 is trying to add a task  to a list Повсякденні_справи.
2020-08-06 21:20:26,584:__main__:name_step:Processing name step...
2020-08-06 21:20:26,592:__main__:name_step:Getting a sheet_id from db...
2020-08-06 21:20:26,602:__main__:name_step:Tasks name was inserted successfully.
2020-08-06 21:20:48,946:__main__:deadline_step:Processing deadline step...
2020-08-06 21:20:49,003:__main__:deadline_step:Deadline was successfully set. Processing priority step...
2020-08-06 21:20:54,927:__main__:priority_step:Priority was successfully set.
2020-08-06 21:20:57,236:__main__:universal_callback_handler:User with id - 335893764 is trying to get a list Повсякденні справи. Fetching data from DB...
2020-08-06 21:20:57,240:__main__:universal_callback_handler:Data is correct.
2020-08-06 21:21:26,400:__main__:universal_callback_handler:User with id - 335893764 is trying to get a list Повсякденні справи. Fetching data from DB...
2020-08-06 21:21:26,405:__main__:universal_callback_handler:Data is correct.
2020-08-06 21:21:42,851:__main__:universal_callback_handler:User with id - 335893764 is trying to get a list Повсякденні справи. Fetching data from DB...
2020-08-06 21:21:42,856:__main__:universal_callback_handler:Data is correct.
2020-08-06 21:21:47,706:__main__:get_lists:User with id - 335893764 is trying to get list of lists. Fetching data from DB...
2020-08-06 21:21:47,865:__main__:get_lists:Success.
2020-08-06 21:21:49,439:__main__:universal_callback_handler:User with id - 335893764 is trying to get a list Повсякденні справи. Fetching data from DB...
2020-08-06 21:21:49,445:__main__:universal_callback_handler:Data is correct.
2020-08-06 21:28:17,735:__main__:universal_callback_handler:User with id - 335893764 is trying to get a list Повсякденні справи. Fetching data from DB...
2020-08-06 21:28:17,741:__main__:universal_callback_handler:Data is correct.
2020-08-06 21:28:34,225:__main__:universal_callback_handler:User with id - 335893764 is trying to get a list Повсякденні справи. Fetching data from DB...
2020-08-06 21:28:34,230:__main__:universal_callback_handler:Data is correct.
2020-08-08 09:24:16,921:__main__:<module>:Starting
2020-08-08 09:24:17,197:__main__:starter:User with id - 130449134 is trying to register.
2020-08-08 09:24:17,197:__main__:starter:User with id - 1378721371 is trying to register.
2020-08-08 09:24:17,198:__main__:starter:Checking if user is already registered
2020-08-08 09:24:17,200:__main__:starter:Checking if user is already registered
2020-08-08 09:24:17,202:__main__:starter:User is not registered. Performing a registration...
2020-08-08 09:24:17,204:__main__:starter:User is not registered. Performing a registration...
2020-08-08 09:24:17,564:__main__:starter:Success
2020-08-08 09:24:17,565:__main__:starter:User with id - 1378721371 is trying to register.
2020-08-08 09:24:17,566:__main__:starter:Checking if user is already registered
2020-08-08 09:24:17,570:__main__:starter:User is not registered. Performing a registration...
2020-08-08 09:24:17,859:__main__:starter:Success
2020-08-08 09:24:17,859:__main__:change_language:User with id - 716986295 is trying to switch the language.
2020-08-08 09:25:11,646:__main__:<module>:Starting
2020-08-08 09:25:24,101:__main__:<module>:Starting
2020-08-08 09:25:32,697:__main__:<module>:Starting
2020-08-08 09:25:37,215:__main__:<module>:Starting
2020-08-08 09:26:07,122:__main__:<module>:Starting
2020-08-08 09:26:20,446:__main__:change_language:User with id - 716986295 is trying to switch the language.
2020-08-08 09:26:21,865:__main__:set_language:Trying to switch the language.
2020-08-08 09:26:22,188:__main__:set_language:Switched successfully to UA
2020-08-08 09:30:28,398:__main__:create_list:User with id - 130449134 is trying to create new list.
2020-08-08 09:30:28,512:__main__:create_list:Calling next step handler.
2020-08-08 09:30:38,016:__main__:create_list_next_step:User is registered. Proceeding...
2020-08-08 09:30:38,124:__main__:create_list_next_step:Created.
2020-08-08 09:30:40,163:__main__:universal_callback_handler:User with id - 130449134 is trying to get a list نهبندان. Fetching data from DB...
2020-08-08 09:30:40,167:__main__:universal_callback_handler:Data is correct.
2020-08-08 09:30:44,102:__main__:universal_callback_handler:User with id - 130449134 is trying to add a task  to a list نهبندان.
2020-08-08 09:30:52,353:__main__:name_step:Processing name step...
2020-08-08 09:30:52,359:__main__:name_step:Getting a sheet_id from db...
2020-08-08 09:30:52,368:__main__:name_step:Tasks name was inserted successfully.
2020-08-08 09:31:26,044:__main__:deadline_step:Processing deadline step...
2020-08-08 09:31:26,160:__main__:deadline_step:Problems with date.Trying again...
2020-08-08 09:31:37,977:__main__:deadline_step:Processing deadline step...
2020-08-08 09:31:38,422:__main__:deadline_step:Problems with date.Trying again...
2020-08-08 09:31:40,645:__main__:deadline_step:Processing deadline step...
2020-08-08 09:31:40,888:__main__:deadline_step:Problems with date.Trying again...
2020-08-08 09:33:39,726:__main__:deadline_step:Processing deadline step...
2020-08-08 09:33:39,863:__main__:deadline_step:Problems with date.Trying again...
2020-08-08 09:33:50,564:__main__:deadline_step:Processing deadline step...
2020-08-08 09:33:50,585:__main__:deadline_step:Deadline was successfully set. Processing priority step...
2020-08-08 09:33:54,949:__main__:priority_step:Priority was successfully set.
2020-08-08 09:33:57,364:__main__:universal_callback_handler:User with id - 130449134 is trying to get a list نهبندان. Fetching data from DB...
2020-08-08 09:33:57,369:__main__:universal_callback_handler:Data is correct.
2020-08-08 09:34:12,297:__main__:universal_callback_handler:User with id - 130449134 is trying to add a task  to a list نهبندان.
2020-08-08 09:34:22,718:__main__:name_step:Processing name step...
2020-08-08 09:34:22,726:__main__:name_step:Getting a sheet_id from db...
2020-08-08 09:34:22,737:__main__:name_step:Tasks name was inserted successfully.
2020-08-08 09:34:33,088:__main__:deadline_step:Processing deadline step...
2020-08-08 09:34:33,129:__main__:deadline_step:Deadline was successfully set. Processing priority step...
2020-08-08 09:34:35,230:__main__:priority_step:Priority was successfully set.
2020-08-08 09:34:39,619:__main__:get_lists:User with id - 130449134 is trying to get list of lists. Fetching data from DB...
2020-08-08 09:34:39,733:__main__:get_lists:Success.
2020-08-08 09:34:43,358:__main__:universal_callback_handler:User with id - 130449134 is trying to get a list نهبندان. Fetching data from DB...
2020-08-08 09:34:43,363:__main__:universal_callback_handler:Data is correct.
2020-08-08 09:35:57,281:__main__:universal_callback_handler:User with id - 130449134 is trying to get a list نهبندان. Fetching data from DB...
2020-08-08 09:35:57,287:__main__:universal_callback_handler:Data is correct.
2020-08-08 09:36:11,613:__main__:universal_callback_handler:User with id - 130449134 is trying to get a list نهبندان. Fetching data from DB...
2020-08-08 09:36:11,636:__main__:universal_callback_handler:Data is correct.
2020-08-08 09:36:28,320:__main__:universal_callback_handler:User with id - 130449134 is trying to get a list نهبندان. Fetching data from DB...
2020-08-08 09:36:28,326:__main__:universal_callback_handler:Data is correct.
2020-08-08 09:36:53,221:__main__:universal_callback_handler:User with id - 130449134 is trying to get a list نهبندان. Fetching data from DB...
2020-08-08 09:36:53,226:__main__:universal_callback_handler:Data is correct.
2020-08-08 09:37:00,992:__main__:universal_callback_handler:User with id - 130449134 is trying to get a list نهبندان. Fetching data from DB...
2020-08-08 09:37:00,999:__main__:universal_callback_handler:Data is correct.
2020-08-08 09:37:02,327:__main__:universal_callback_handler:User with id - 130449134 is trying to add a task  to a list نهبندان.
2020-08-08 09:38:36,654:__main__:universal_callback_handler:User with id - 130449134 is trying to add a task  to a list نهبندان.
2020-08-08 09:38:43,192:__main__:name_step:Processing name step...
2020-08-08 09:38:43,192:__main__:name_step:Processing name step...
2020-08-08 09:38:43,198:__main__:name_step:Getting a sheet_id from db...
2020-08-08 09:38:43,198:__main__:name_step:Getting a sheet_id from db...
2020-08-08 09:38:43,206:__main__:name_step:Tasks name was inserted successfully.
2020-08-08 09:38:43,459:__main__:name_step:Name is not unique.Trying again.
2020-08-08 09:38:55,880:__main__:deadline_step:Processing deadline step...
2020-08-08 09:38:55,880:__main__:name_step:Processing name step...
2020-08-08 09:38:55,889:__main__:name_step:Getting a sheet_id from db...
2020-08-08 09:38:55,897:__main__:name_step:Tasks name was inserted successfully.
2020-08-08 09:38:55,993:__main__:deadline_step:Problems with date.Trying again...
2020-08-08 09:39:09,625:__main__:deadline_step:Processing deadline step...
2020-08-08 09:39:09,625:__main__:deadline_step:Processing deadline step...
2020-08-08 09:39:09,752:__main__:deadline_step:Problems with date.Trying again...
2020-08-08 09:39:09,768:__main__:deadline_step:Problems with date.Trying again...
2020-08-08 09:39:24,643:__main__:deadline_step:Processing deadline step...
2020-08-08 09:39:24,643:__main__:deadline_step:Processing deadline step...
2020-08-08 09:39:24,753:__main__:deadline_step:Problems with date.Trying again...
2020-08-08 09:39:24,779:__main__:deadline_step:Problems with date.Trying again...
2020-08-08 09:39:28,626:__main__:deadline_step:Processing deadline step...
2020-08-08 09:39:28,627:__main__:deadline_step:Processing deadline step...
2020-08-08 09:39:28,793:__main__:deadline_step:Problems with date.Trying again...
2020-08-08 09:39:28,817:__main__:deadline_step:Problems with date.Trying again...
2020-08-08 09:39:30,627:__main__:deadline_step:Processing deadline step...
2020-08-08 09:39:30,628:__main__:deadline_step:Processing deadline step...
2020-08-08 09:39:30,737:__main__:deadline_step:Problems with date.Trying again...
2020-08-08 09:39:30,764:__main__:deadline_step:Problems with date.Trying again...
2020-08-08 09:39:31,561:__main__:deadline_step:Processing deadline step...
2020-08-08 09:39:31,562:__main__:deadline_step:Processing deadline step...
2020-08-08 09:39:31,669:__main__:deadline_step:Problems with date.Trying again...
2020-08-08 09:39:31,691:__main__:deadline_step:Problems with date.Trying again...
2020-08-08 09:39:36,277:__main__:deadline_step:Processing deadline step...
2020-08-08 09:39:36,277:__main__:deadline_step:Processing deadline step...
2020-08-08 09:39:36,390:__main__:deadline_step:Problems with date.Trying again...
2020-08-08 09:39:36,413:__main__:deadline_step:Problems with date.Trying again...
2020-08-08 09:39:47,110:__main__:deadline_step:Processing deadline step...
2020-08-08 09:39:47,111:__main__:deadline_step:Processing deadline step...
2020-08-08 09:39:47,460:__main__:deadline_step:Problems with date.Trying again...
2020-08-08 09:39:47,483:__main__:deadline_step:Problems with date.Trying again...
2020-08-08 09:40:07,920:__main__:deadline_step:Processing deadline step...
2020-08-08 09:40:07,920:__main__:deadline_step:Processing deadline step...
2020-08-08 09:40:08,053:__main__:deadline_step:Problems with date.Trying again...
2020-08-08 09:40:08,079:__main__:deadline_step:Problems with date.Trying again...
2020-08-08 09:41:07,314:__main__:deadline_step:Processing deadline step...
2020-08-08 09:41:07,314:__main__:deadline_step:Processing deadline step...
2020-08-08 09:41:07,426:__main__:deadline_step:Problems with date.Trying again...
2020-08-08 09:41:07,461:__main__:deadline_step:Problems with date.Trying again...
2020-08-08 09:41:10,635:__main__:deadline_step:Processing deadline step...
2020-08-08 09:41:10,635:__main__:deadline_step:Processing deadline step...
2020-08-08 09:41:10,802:__main__:deadline_step:Problems with date.Trying again...
2020-08-08 09:41:10,818:__main__:deadline_step:Problems with date.Trying again...
2020-08-08 09:41:32,619:__main__:create_list:User with id - 1378721371 is trying to create new list.
2020-08-08 09:41:32,740:__main__:create_list:Calling next step handler.
2020-08-08 09:41:37,496:__main__:create_list_next_step:User is registered. Proceeding...
2020-08-08 09:41:37,606:__main__:create_list_next_step:Created.
2020-08-08 09:41:40,143:__main__:create_list:User with id - 1378721371 is trying to create new list.
2020-08-08 09:41:40,258:__main__:create_list:Calling next step handler.
2020-08-08 09:41:44,445:__main__:create_list_next_step:User is registered. Proceeding...
2020-08-08 09:41:44,553:__main__:create_list_next_step:Created.
2020-08-08 09:41:46,495:__main__:create_list:User with id - 1378721371 is trying to create new list.
2020-08-08 09:41:46,611:__main__:create_list:Calling next step handler.
2020-08-08 09:41:50,496:__main__:create_list_next_step:User is registered. Proceeding...
2020-08-08 09:41:50,599:__main__:create_list_next_step:Created.
2020-08-08 09:42:03,467:__main__:get_lists:User with id - 1378721371 is trying to get list of lists. Fetching data from DB...
2020-08-08 09:42:03,586:__main__:get_lists:Success.
2020-08-08 09:42:06,998:__main__:universal_callback_handler:User with id - 1378721371 is trying to get a list بیرجند. Fetching data from DB...
2020-08-08 09:42:07,004:__main__:universal_callback_handler:Data is correct.
2020-08-08 09:42:14,414:__main__:create_list:User with id - 1378721371 is trying to create new list.
2020-08-08 09:42:14,531:__main__:create_list:Calling next step handler.
2020-08-08 09:42:21,072:__main__:create_list_next_step:User is registered. Proceeding...
2020-08-08 09:42:21,184:__main__:create_list_next_step:Created.
2020-08-08 09:42:23,885:__main__:universal_callback_handler:User with id - 1378721371 is trying to get a list متفرقه. Fetching data from DB...
2020-08-08 09:42:23,891:__main__:universal_callback_handler:Data is correct.
2020-08-08 09:42:25,870:__main__:universal_callback_handler:User with id - 1378721371 is trying to add a task  to a list متفرقه.
2020-08-08 09:42:32,831:__main__:name_step:Processing name step...
2020-08-08 09:42:32,838:__main__:name_step:Getting a sheet_id from db...
2020-08-08 09:42:32,847:__main__:name_step:Tasks name was inserted successfully.
2020-08-08 09:42:47,125:__main__:deadline_step:Processing deadline step...
2020-08-08 09:42:47,170:__main__:deadline_step:Deadline was successfully set. Processing priority step...
2020-08-08 09:42:49,450:__main__:priority_step:Priority was successfully set.
2020-08-08 09:42:53,121:__main__:get_lists:User with id - 1378721371 is trying to get list of lists. Fetching data from DB...
2020-08-08 09:42:53,243:__main__:get_lists:Success.
2020-08-08 09:42:55,207:__main__:universal_callback_handler:User with id - 1378721371 is trying to get a list متفرقه. Fetching data from DB...
2020-08-08 09:42:55,215:__main__:universal_callback_handler:Data is correct.
2020-08-08 09:43:13,878:__main__:get_lists:User with id - 1378721371 is trying to get list of lists. Fetching data from DB...
2020-08-08 09:43:14,020:__main__:get_lists:Success.
2020-08-08 09:43:15,153:__main__:universal_callback_handler:User with id - 1378721371 is trying to get a list متفرقه. Fetching data from DB...
2020-08-08 09:43:15,159:__main__:universal_callback_handler:Data is correct.
2020-08-08 09:44:03,805:__main__:deadline_step:Processing deadline step...
2020-08-08 09:44:03,805:__main__:deadline_step:Processing deadline step...
2020-08-08 09:44:03,936:__main__:deadline_step:Problems with date.Trying again...
2020-08-08 09:44:03,955:__main__:deadline_step:Problems with date.Trying again...
2020-08-08 09:44:14,905:__main__:deadline_step:Processing deadline step...
2020-08-08 09:44:14,905:__main__:deadline_step:Processing deadline step...
2020-08-08 09:44:15,066:__main__:deadline_step:Problems with date.Trying again...
2020-08-08 09:44:15,093:__main__:deadline_step:Problems with date.Trying again...
2020-08-08 09:44:32,137:__main__:deadline_step:Processing deadline step...
2020-08-08 09:44:32,137:__main__:deadline_step:Processing deadline step...
2020-08-08 09:44:32,249:__main__:deadline_step:Problems with date.Trying again...
2020-08-08 09:44:32,280:__main__:deadline_step:Problems with date.Trying again...
2020-08-08 09:44:49,323:__main__:deadline_step:Processing deadline step...
2020-08-08 09:44:49,323:__main__:deadline_step:Processing deadline step...
2020-08-08 09:44:49,472:__main__:deadline_step:Problems with date.Trying again...
2020-08-08 09:44:49,494:__main__:deadline_step:Problems with date.Trying again...
2020-08-08 09:45:27,087:__main__:get_lists:User with id - 1378721371 is trying to get list of lists. Fetching data from DB...
2020-08-08 09:45:27,210:__main__:get_lists:Success.
2020-08-08 09:47:11,322:__main__:deadline_step:Processing deadline step...
2020-08-08 09:47:11,324:__main__:deadline_step:Processing deadline step...
2020-08-08 09:47:11,434:__main__:deadline_step:Problems with date.Trying again...
2020-08-08 09:47:11,443:__main__:deadline_step:Problems with date.Trying again...
2020-08-08 09:49:12,667:__main__:deadline_step:Processing deadline step...
2020-08-08 09:49:12,667:__main__:deadline_step:Processing deadline step...
2020-08-08 09:49:12,778:__main__:deadline_step:Problems with date.Trying again...
2020-08-08 09:49:12,795:__main__:deadline_step:Problems with date.Trying again...
2020-08-08 09:49:19,744:__main__:deadline_step:Processing deadline step...
2020-08-08 09:49:19,744:__main__:deadline_step:Processing deadline step...
2020-08-08 09:49:19,845:__main__:deadline_step:Problems with date.Trying again...
2020-08-08 09:49:19,872:__main__:deadline_step:Problems with date.Trying again...
2020-08-08 09:50:00,193:__main__:universal_callback_handler:User with id - 1378721371 is trying to get a list بیرجند. Fetching data from DB...
2020-08-08 09:50:00,198:__main__:universal_callback_handler:Data is correct.
2020-08-08 09:50:01,479:__main__:universal_callback_handler:User with id - 1378721371 is trying to add a task  to a list بیرجند.
2020-08-08 09:50:12,225:__main__:name_step:Processing name step...
2020-08-08 09:50:12,232:__main__:name_step:Getting a sheet_id from db...
2020-08-08 09:50:12,241:__main__:name_step:Tasks name was inserted successfully.
2020-08-08 09:50:22,425:__main__:deadline_step:Processing deadline step...
2020-08-08 09:50:22,458:__main__:deadline_step:Deadline was successfully set. Processing priority step...
2020-08-08 09:50:24,679:__main__:priority_step:Priority was successfully set.
2020-08-08 09:50:28,377:__main__:universal_callback_handler:User with id - 1378721371 is trying to get a list بیرجند. Fetching data from DB...
2020-08-08 09:50:28,382:__main__:universal_callback_handler:Data is correct.
2020-08-08 09:50:46,387:__main__:universal_callback_handler:User with id - 1378721371 is trying to add a task  to a list بیرجند.
2020-08-08 09:50:52,863:__main__:name_step:Processing name step...
2020-08-08 09:50:52,872:__main__:name_step:Getting a sheet_id from db...
2020-08-08 09:50:52,880:__main__:name_step:Tasks name was inserted successfully.
2020-08-08 09:51:01,801:__main__:deadline_step:Processing deadline step...
2020-08-08 09:51:01,822:__main__:deadline_step:Deadline was successfully set. Processing priority step...
2020-08-08 09:51:03,519:__main__:priority_step:Priority was successfully set.
2020-08-08 09:51:04,890:__main__:universal_callback_handler:User with id - 1378721371 is trying to get a list بیرجند. Fetching data from DB...
2020-08-08 09:51:04,895:__main__:universal_callback_handler:Data is correct.
2020-08-08 09:51:16,416:__main__:universal_callback_handler:User with id - 1378721371 is trying to add a task  to a list بیرجند.
2020-08-08 09:51:25,491:__main__:name_step:Processing name step...
2020-08-08 09:51:25,497:__main__:name_step:Getting a sheet_id from db...
2020-08-08 09:51:25,505:__main__:name_step:Tasks name was inserted successfully.
2020-08-08 09:51:35,361:__main__:deadline_step:Processing deadline step...
2020-08-08 09:51:35,527:__main__:deadline_step:Problems with date.Trying again...
2020-08-08 09:51:47,883:__main__:deadline_step:Processing deadline step...
2020-08-08 09:51:48,010:__main__:deadline_step:Problems with date.Trying again...
2020-08-08 09:52:00,364:__main__:deadline_step:Processing deadline step...
2020-08-08 09:52:00,383:__main__:deadline_step:Deadline was successfully set. Processing priority step...
2020-08-08 09:52:02,103:__main__:priority_step:Priority was successfully set.
2020-08-08 09:52:03,978:__main__:universal_callback_handler:User with id - 1378721371 is trying to get a list بیرجند. Fetching data from DB...
2020-08-08 09:52:03,983:__main__:universal_callback_handler:Data is correct.
2020-08-08 09:52:27,548:__main__:get_lists:User with id - 1378721371 is trying to get list of lists. Fetching data from DB...
2020-08-08 09:52:27,659:__main__:get_lists:Success.
2020-08-08 09:52:29,590:__main__:universal_callback_handler:User with id - 1378721371 is trying to get a list بیرجند. Fetching data from DB...
2020-08-08 09:52:29,595:__main__:universal_callback_handler:Data is correct.
2020-08-08 09:53:26,551:__main__:deadline_step:Processing deadline step...
2020-08-08 09:53:26,551:__main__:deadline_step:Processing deadline step...
2020-08-08 09:53:26,693:__main__:deadline_step:Problems with date.Trying again...
2020-08-08 09:53:26,715:__main__:deadline_step:Problems with date.Trying again...
2020-08-08 10:12:13,997:__main__:deadline_step:Processing deadline step...
2020-08-08 10:12:13,997:__main__:deadline_step:Processing deadline step...
2020-08-08 10:12:14,352:__main__:deadline_step:Problems with date.Trying again...
2020-08-08 10:12:14,367:__main__:deadline_step:Problems with date.Trying again...
2020-08-08 10:12:29,332:__main__:deadline_step:Processing deadline step...
2020-08-08 10:12:29,332:__main__:deadline_step:Processing deadline step...
2020-08-08 10:12:29,496:__main__:deadline_step:Problems with date.Trying again...
2020-08-08 10:12:29,521:__main__:deadline_step:Problems with date.Trying again...
2020-08-08 10:12:44,037:__main__:deadline_step:Processing deadline step...
2020-08-08 10:12:44,037:__main__:deadline_step:Processing deadline step...
2020-08-08 10:12:44,176:__main__:deadline_step:Problems with date.Trying again...
2020-08-08 10:12:44,207:__main__:deadline_step:Problems with date.Trying again...
2020-08-08 10:12:47,934:__main__:deadline_step:Processing deadline step...
2020-08-08 10:12:47,934:__main__:deadline_step:Processing deadline step...
2020-08-08 10:12:48,054:__main__:deadline_step:Problems with date.Trying again...
2020-08-08 10:12:48,079:__main__:deadline_step:Problems with date.Trying again...
2020-08-08 10:12:53,282:__main__:deadline_step:Processing deadline step...
2020-08-08 10:12:53,283:__main__:deadline_step:Processing deadline step...
2020-08-08 10:12:53,405:__main__:deadline_step:Problems with date.Trying again...
2020-08-08 10:12:53,431:__main__:deadline_step:Problems with date.Trying again...
2020-08-08 10:12:55,670:__main__:deadline_step:Processing deadline step...
2020-08-08 10:12:55,671:__main__:deadline_step:Processing deadline step...
2020-08-08 10:12:55,778:__main__:deadline_step:Problems with date.Trying again...
2020-08-08 10:12:55,802:__main__:deadline_step:Problems with date.Trying again...
2020-08-08 10:12:57,617:__main__:deadline_step:Processing deadline step...
2020-08-08 10:12:57,617:__main__:deadline_step:Processing deadline step...
2020-08-08 10:12:57,724:__main__:deadline_step:Problems with date.Trying again...
2020-08-08 10:12:57,740:__main__:deadline_step:Problems with date.Trying again...
2020-08-08 10:12:59,402:__main__:deadline_step:Processing deadline step...
2020-08-08 10:12:59,403:__main__:deadline_step:Processing deadline step...
2020-08-08 10:12:59,511:__main__:deadline_step:Problems with date.Trying again...
2020-08-08 10:12:59,527:__main__:deadline_step:Problems with date.Trying again...
2020-08-08 10:13:01,161:__main__:deadline_step:Processing deadline step...
2020-08-08 10:13:01,161:__main__:deadline_step:Processing deadline step...
2020-08-08 10:13:01,270:__main__:deadline_step:Problems with date.Trying again...
2020-08-08 10:13:01,300:__main__:deadline_step:Problems with date.Trying again...
2020-08-08 10:13:03,373:__main__:deadline_step:Processing deadline step...
2020-08-08 10:13:03,374:__main__:deadline_step:Processing deadline step...
2020-08-08 10:13:03,496:__main__:deadline_step:Problems with date.Trying again...
2020-08-08 10:13:03,512:__main__:deadline_step:Problems with date.Trying again...
2020-08-08 10:13:05,636:__main__:deadline_step:Processing deadline step...
2020-08-08 10:13:05,636:__main__:deadline_step:Processing deadline step...
2020-08-08 10:13:05,812:__main__:deadline_step:Problems with date.Trying again...
2020-08-08 10:13:05,839:__main__:deadline_step:Problems with date.Trying again...
2020-08-08 10:13:07,482:__main__:deadline_step:Processing deadline step...
2020-08-08 10:13:07,482:__main__:deadline_step:Processing deadline step...
2020-08-08 10:13:07,635:__main__:deadline_step:Problems with date.Trying again...
2020-08-08 10:13:07,665:__main__:deadline_step:Problems with date.Trying again...
2020-08-08 10:13:09,243:__main__:deadline_step:Processing deadline step...
2020-08-08 10:13:09,243:__main__:deadline_step:Processing deadline step...
2020-08-08 10:13:09,357:__main__:deadline_step:Problems with date.Trying again...
2020-08-08 10:13:09,376:__main__:deadline_step:Problems with date.Trying again...
2020-08-08 10:13:11,299:__main__:deadline_step:Processing deadline step...
2020-08-08 10:13:11,299:__main__:deadline_step:Processing deadline step...
2020-08-08 10:13:11,417:__main__:deadline_step:Problems with date.Trying again...
2020-08-08 10:13:11,443:__main__:deadline_step:Problems with date.Trying again...
2020-08-08 10:13:12,949:__main__:deadline_step:Processing deadline step...
2020-08-08 10:13:12,949:__main__:deadline_step:Processing deadline step...
2020-08-08 10:13:13,089:__main__:deadline_step:Problems with date.Trying again...
2020-08-08 10:13:13,117:__main__:deadline_step:Problems with date.Trying again...
2020-08-08 10:13:15,011:__main__:deadline_step:Processing deadline step...
2020-08-08 10:13:15,012:__main__:deadline_step:Processing deadline step...
2020-08-08 10:13:15,127:__main__:deadline_step:Problems with date.Trying again...
2020-08-08 10:13:15,156:__main__:deadline_step:Problems with date.Trying again...
2020-08-08 10:13:18,590:__main__:deadline_step:Processing deadline step...
2020-08-08 10:13:18,590:__main__:deadline_step:Processing deadline step...
2020-08-08 10:13:18,702:__main__:deadline_step:Problems with date.Trying again...
2020-08-08 10:13:18,726:__main__:deadline_step:Problems with date.Trying again...
2020-08-08 10:13:20,172:__main__:deadline_step:Processing deadline step...
2020-08-08 10:13:20,172:__main__:deadline_step:Processing deadline step...
2020-08-08 10:13:20,343:__main__:deadline_step:Problems with date.Trying again...
2020-08-08 10:13:20,367:__main__:deadline_step:Problems with date.Trying again...
2020-08-08 10:13:21,863:__main__:deadline_step:Processing deadline step...
2020-08-08 10:13:21,863:__main__:deadline_step:Processing deadline step...
2020-08-08 10:13:21,982:__main__:deadline_step:Problems with date.Trying again...
2020-08-08 10:13:22,006:__main__:deadline_step:Problems with date.Trying again...
2020-08-08 10:13:23,339:__main__:deadline_step:Processing deadline step...
2020-08-08 10:13:23,340:__main__:deadline_step:Processing deadline step...
2020-08-08 10:13:23,447:__main__:deadline_step:Problems with date.Trying again...
2020-08-08 10:13:23,475:__main__:deadline_step:Problems with date.Trying again...
2020-08-08 10:13:25,390:__main__:deadline_step:Processing deadline step...
2020-08-08 10:13:25,392:__main__:deadline_step:Processing deadline step...
2020-08-08 10:13:25,552:__main__:deadline_step:Problems with date.Trying again...
2020-08-08 10:13:25,576:__main__:deadline_step:Problems with date.Trying again...
2020-08-08 10:17:27,665:__main__:deadline_step:Processing deadline step...
2020-08-08 10:17:27,665:__main__:deadline_step:Processing deadline step...
2020-08-08 10:17:27,775:__main__:deadline_step:Problems with date.Trying again...
2020-08-08 10:17:27,811:__main__:deadline_step:Problems with date.Trying again...
2020-08-08 10:20:00,140:__main__:get_lists:User with id - 1378721371 is trying to get list of lists. Fetching data from DB...
2020-08-08 10:20:00,259:__main__:get_lists:Success.
2020-08-08 10:28:29,186:__main__:universal_callback_handler:User with id - 1378721371 is trying to get a list نهبندان. Fetching data from DB...
2020-08-08 10:28:29,192:__main__:universal_callback_handler:Data is correct.
2020-08-08 10:28:34,213:__main__:universal_callback_handler:User with id - 1378721371 is trying to add a task  to a list نهبندان.
2020-08-08 10:28:42,228:__main__:name_step:Processing name step...
2020-08-08 10:28:42,235:__main__:name_step:Getting a sheet_id from db...
2020-08-08 10:28:42,244:__main__:name_step:Tasks name was inserted successfully.
2020-08-08 10:28:53,767:__main__:deadline_step:Processing deadline step...
2020-08-08 10:28:53,785:__main__:deadline_step:Deadline was successfully set. Processing priority step...
2020-08-08 10:28:55,528:__main__:priority_step:Priority was successfully set.
2020-08-08 10:28:57,478:__main__:universal_callback_handler:User with id - 1378721371 is trying to get a list نهبندان. Fetching data from DB...
2020-08-08 10:28:57,484:__main__:universal_callback_handler:Data is correct.
2020-08-08 10:29:04,717:__main__:get_lists:User with id - 1378721371 is trying to get list of lists. Fetching data from DB...
2020-08-08 10:29:04,833:__main__:get_lists:Success.
2020-08-08 10:29:06,042:__main__:universal_callback_handler:User with id - 1378721371 is trying to get a list نهبندان. Fetching data from DB...
2020-08-08 10:29:06,047:__main__:universal_callback_handler:Data is correct.
2020-08-08 10:29:15,537:__main__:create_list:User with id - 1378721371 is trying to create new list.
2020-08-08 10:29:15,645:__main__:create_list:Calling next step handler.
2020-08-08 10:29:22,634:__main__:create_list_next_step:User is registered. Proceeding...
2020-08-08 10:29:22,768:__main__:create_list_next_step:Created.
2020-08-08 10:29:28,266:__main__:get_lists:User with id - 1378721371 is trying to get list of lists. Fetching data from DB...
2020-08-08 10:29:28,495:__main__:get_lists:Success.
2020-08-08 10:29:31,328:__main__:universal_callback_handler:User with id - 1378721371 is trying to get a list DELETE TODO LIST. Fetching data from DB...
2020-08-08 10:29:31,333:__main__:universal_callback_handler:Data is correct.
2020-08-08 10:29:37,471:__main__:delete_list:User with id - 1378721371 is trying to access deletelist keyboard.
2020-08-08 10:29:37,599:__main__:delete_list:Success.
2020-08-08 10:29:40,612:__main__:universal_callback_handler:Deleting a list with id - 17
2020-08-08 10:29:44,205:__main__:get_lists:User with id - 1378721371 is trying to get list of lists. Fetching data from DB...
2020-08-08 10:29:44,326:__main__:get_lists:Success.
2020-08-08 10:29:56,511:__main__:universal_callback_handler:User with id - 1378721371 is trying to get a list نهبندان. Fetching data from DB...
2020-08-08 10:29:56,516:__main__:universal_callback_handler:Data is correct.
2020-08-08 10:30:02,864:__main__:get_lists:User with id - 1378721371 is trying to get list of lists. Fetching data from DB...
2020-08-08 10:30:03,071:__main__:get_lists:Success.
2020-08-08 10:30:04,559:__main__:universal_callback_handler:User with id - 1378721371 is trying to get a list نهبندان. Fetching data from DB...
2020-08-08 10:30:04,564:__main__:universal_callback_handler:Data is correct.
2020-08-08 10:30:16,835:__main__:get_lists:User with id - 1378721371 is trying to get list of lists. Fetching data from DB...
2020-08-08 10:30:16,958:__main__:get_lists:Success.
2020-08-08 10:30:18,372:__main__:universal_callback_handler:User with id - 1378721371 is trying to get a list نهبندان. Fetching data from DB...
2020-08-08 10:30:18,376:__main__:universal_callback_handler:Data is correct.
2020-08-08 10:30:20,774:__main__:get_lists:User with id - 1378721371 is trying to get list of lists. Fetching data from DB...
2020-08-08 10:30:20,888:__main__:get_lists:Success.
2020-08-08 10:30:21,941:__main__:universal_callback_handler:User with id - 1378721371 is trying to get a list بیرجند. Fetching data from DB...
2020-08-08 10:30:21,946:__main__:universal_callback_handler:Data is correct.
2020-08-08 10:30:28,255:__main__:get_lists:User with id - 1378721371 is trying to get list of lists. Fetching data from DB...
2020-08-08 10:30:28,369:__main__:get_lists:Success.
2020-08-08 12:23:13,326:__main__:deadline_step:Processing deadline step...
2020-08-08 12:23:13,330:__main__:deadline_step:Processing deadline step...
2020-08-08 12:23:13,478:__main__:deadline_step:Problems with date.Trying again...
2020-08-08 12:23:13,664:__main__:deadline_step:Problems with date.Trying again...
2020-08-08 12:25:08,764:__main__:create_list:User with id - 1378721371 is trying to create new list.
2020-08-08 12:25:08,876:__main__:create_list:Calling next step handler.
2020-08-08 12:25:12,735:__main__:create_list_next_step:User is registered. Proceeding...
2020-08-08 12:25:12,855:__main__:create_list_next_step:Created.
2020-08-08 12:25:14,321:__main__:universal_callback_handler:User with id - 1378721371 is trying to get a list MY LISTS. Fetching data from DB...
2020-08-08 12:25:14,326:__main__:universal_callback_handler:Data is correct.
2020-08-08 12:25:22,932:__main__:delete_list:User with id - 1378721371 is trying to access deletelist keyboard.
2020-08-08 12:25:23,072:__main__:delete_list:Success.
2020-08-08 12:25:24,805:__main__:get_lists:User with id - 1378721371 is trying to get list of lists. Fetching data from DB...
2020-08-08 12:25:24,924:__main__:get_lists:Success.
2020-08-08 12:25:31,251:__main__:universal_callback_handler:User with id - 1378721371 is trying to get a list MY LISTS. Fetching data from DB...
2020-08-08 12:25:31,260:__main__:universal_callback_handler:Data is correct.
2020-08-08 12:25:37,446:__main__:change_language:User with id - 1378721371 is trying to switch the language.
2020-08-08 12:25:43,756:__main__:set_language:Trying to switch the language.
2020-08-08 12:25:43,915:__main__:set_language:Switched successfully to EN
2020-08-08 12:25:50,317:__main__:get_lists:User with id - 1378721371 is trying to get list of lists. Fetching data from DB...
2020-08-08 12:25:50,436:__main__:get_lists:Success.
2020-08-08 12:25:52,656:__main__:universal_callback_handler:User with id - 1378721371 is trying to get a list بیرجند. Fetching data from DB...
2020-08-08 12:25:52,660:__main__:universal_callback_handler:Data is correct.
2020-08-08 12:27:06,097:__main__:starter:User with id - 1378721371 is trying to register.
2020-08-08 12:27:06,100:__main__:starter:Checking if user is already registered
2020-08-08 12:27:06,104:__main__:starter:User has already been registered.
2020-08-08 12:36:13,925:__main__:deadline_step:Processing deadline step...
2020-08-08 12:36:13,925:__main__:deadline_step:Processing deadline step...
2020-08-08 12:36:14,402:__main__:deadline_step:Problems with date.Trying again...
2020-08-08 12:36:14,424:__main__:deadline_step:Problems with date.Trying again...
